Vivado Simulator 2018.3
Time resolution is 1 ps
add pass
add pass
add pass
add pass
add pass
loadR pass
loadR pass
loadR pass
loadI pass
loadI pass
loadI pass
storeR pass
storeR pass
storeR pass
storeR pass
storeI pass
storeI pass
storeI pass
storeI pass
storeI pass
storeI pass
storeI pass
storeI pass
storeI pass
storeI pass
storeI pass
storeI pass
storeI pass
storeI pass
storeI pass
storeI pass
storeI pass
storeI pass
storeI pass
storeI pass
storeI pass
storeI pass
storeI pass
storeI pass
storeI pass
storeI pass
storeI pass
storeI pass
storeI pass
storeI pass
storeI pass
storeI pass
storeI pass
storeI pass
storeI pass
storeI pass
storeI pass
storeI pass
storeI pass
storeI pass
storeI pass
storeI pass
storeI pass
$finish called at time : 1 us : File "D:/Desktop/sramCpu/sramCpu.srcs/sim_1/new/sim_top_sv.sv" Line 80
